<?xml version="1.0" encoding="UTF-8"?>
<testsuite xmlns:xsi="http://www.w3.org/2001/XMLSchema-instance" xsi:noNamespaceSchemaLocation="https://maven.apache.org/surefire/maven-surefire-plugin/xsd/surefire-test-report.xsd" name="GameTests" time="0.025" tests="11" errors="0" skipped="0" failures="0">
  <properties>
[...]
</properties>
  <testcase name="whenGameIsCreated_shouldHaveABoardWithExactly2TilesThatAreNotZero" classname="GameTests" time="0.014"/>
  <testcase name="whenGameIsCreated_shouldHaveABoardWhichHas16Tiles" classname="GameTests" time="0"/>
  <testcase name="whenMovingRight_shouldDoCorrectMovement" classname="GameTests" time="0.001"/>
  <testcase name="whenMovingDown_shouldDoCorrectMovement" classname="GameTests" time="0.001"/>
  <testcase name="whenBoardContains2048_isWonShouldReturnTrue" classname="GameTests" time="0.001"/>
  <testcase name="whenBoardIsFull_isOverShouldReturnTrue" classname="GameTests" time="0"/>
  <testcase name="gameShouldReturnCorrectScore" classname="GameTests" time="0"/>
  <testcase name="whenMovingLeft_shouldDoCorrectMovement" classname="GameTests" time="0"/>
  <testcase name="whenMovingUp_shouldDoCorrectMovement" classname="GameTests" time="0.001"/>
  <testcase name="whenBoardDoesNotContain2048_isWonShouldReturnFalse" classname="GameTests" time="0"/>
  <testcase name="whenBoardMoves5Times_getMovesShouldReturn5" classname="GameTests" time="0.001"/>
</testsuite>